<?xml version="1.0" encoding="UTF-8"?>
<!-- Generated by org.testng.reporters.JUnitReportReporter -->
<testsuite hostname="DESKTOP-3R73L8V" failures="0" tests="5" name="testCases.TC_VideoGameAPI" time="13.594" errors="0" timestamp="31 Oct 2019 00:40:30 GMT" skipped="0">
  <testcase classname="testCases.TC_VideoGameAPI" name="test_getAllVideoGames" time="8.783"/>
  <testcase classname="testCases.TC_VideoGameAPI" name="test_addNewVideoGame" time="0.979"/>
  <testcase classname="testCases.TC_VideoGameAPI" name="test_getVideoGame" time="0.697"/>
  <testcase classname="testCases.TC_VideoGameAPI" name="test_UpdateVideoGame" time="0.087"/>
  <testcase classname="testCases.TC_VideoGameAPI" name="test_DeleteVideoGame" time="3.048"/>
</testsuite> <!-- testCases.TC_VideoGameAPI -->
