<?xml version="1.0" encoding="UTF-8"?>
<!-- Generated by org.testng.reporters.JUnitReportReporter -->
<testsuite skipped="0" hostname="DESKTOP-3R73L8V" name="testCases.TC_VideoGameAPI" tests="5" failures="0" timestamp="03 Oct 2019 17:03:36 GMT" time="8.446" errors="0">
  <testcase name="test_getAllVideoGames" time="3.077" classname="testCases.TC_VideoGameAPI"/>
  <testcase name="test_addNewVideoGame" time="1.245" classname="testCases.TC_VideoGameAPI"/>
  <testcase name="test_getVideoGame" time="0.909" classname="testCases.TC_VideoGameAPI"/>
  <testcase name="test_UpdateVideoGame" time="0.128" classname="testCases.TC_VideoGameAPI"/>
  <testcase name="test_DeleteVideoGame" time="3.087" classname="testCases.TC_VideoGameAPI"/>
</testsuite> <!-- testCases.TC_VideoGameAPI -->
